TN:
SF:src/nota.ts
FN:4,(anonymous_0)
FN:6,(anonymous_1)
FN:21,(anonymous_2)
FNF:3
FNH:3
FNDA:11,(anonymous_0)
FNDA:6,(anonymous_1)
FNDA:6,(anonymous_2)
DA:1,1
DA:3,1
DA:4,11
DA:7,6
DA:8,6
DA:9,1
DA:10,5
DA:11,2
DA:12,3
DA:13,1
DA:14,2
DA:15,1
DA:17,1
DA:19,6
DA:22,6
DA:23,6
DA:24,1
DA:25,5
DA:26,2
DA:27,3
DA:28,1
DA:29,2
DA:30,1
DA:32,1
DA:34,6
LF:25
LH:25
BRDA:8,0,0,1
BRDA:8,0,1,5
BRDA:10,1,0,2
BRDA:10,1,1,3
BRDA:12,2,0,1
BRDA:12,2,1,2
BRDA:14,3,0,1
BRDA:14,3,1,1
BRDA:23,4,0,1
BRDA:23,4,1,5
BRDA:25,5,0,2
BRDA:25,5,1,3
BRDA:27,6,0,1
BRDA:27,6,1,2
BRDA:29,7,0,1
BRDA:29,7,1,1
BRF:16
BRH:16
end_of_record
TN:
SF:src/usuario.ts
FN:6,(anonymous_0)
FN:8,(anonymous_1)
FN:22,(anonymous_2)
FN:36,(anonymous_3)
FN:41,(anonymous_4)
FN:52,(anonymous_5)
FN:66,(anonymous_6)
FN:89,(anonymous_7)
FNF:8
FNH:8
FNDA:50,(anonymous_0)
FNDA:4,(anonymous_1)
FNDA:4,(anonymous_2)
FNDA:2,(anonymous_3)
FNDA:1,(anonymous_4)
FNDA:3,(anonymous_5)
FNDA:5,(anonymous_6)
FNDA:1,(anonymous_7)
DA:1,1
DA:2,1
DA:3,1
DA:5,1
DA:6,50
DA:9,4
DA:10,4
DA:11,4
DA:12,2
DA:13,2
DA:15,4
DA:16,3
DA:17,3
DA:19,1
DA:23,4
DA:24,3
DA:25,2
DA:27,2
DA:30,1
DA:33,1
DA:37,2
DA:38,1
DA:39,1
DA:40,1
DA:41,1
DA:42,1
DA:43,1
DA:44,1
DA:45,1
DA:47,1
DA:49,1
DA:53,3
DA:54,2
DA:55,1
DA:56,1
DA:57,1
DA:58,1
DA:60,1
DA:63,1
DA:67,5
DA:68,4
DA:69,3
DA:70,2
DA:71,2
DA:72,2
DA:73,1
DA:75,1
DA:77,2
DA:78,2
DA:80,1
DA:83,1
DA:86,1
DA:90,1
DA:91,1
DA:93,1
DA:94,1
DA:96,1
LF:57
LH:57
BRDA:11,0,0,2
BRDA:11,0,1,2
BRDA:15,1,0,3
BRDA:15,1,1,1
BRDA:23,2,0,3
BRDA:23,2,1,1
BRDA:24,3,0,2
BRDA:24,3,1,1
BRDA:37,4,0,1
BRDA:37,4,1,1
BRDA:53,5,0,2
BRDA:53,5,1,1
BRDA:54,6,0,1
BRDA:54,6,1,1
BRDA:66,7,0,4
BRDA:67,8,0,4
BRDA:67,8,1,1
BRDA:68,9,0,3
BRDA:68,9,1,1
BRDA:69,10,0,2
BRDA:69,10,1,1
BRDA:72,11,0,1
BRDA:72,11,1,1
BRDA:90,12,0,1
BRDA:90,12,1,0
BRDA:93,13,0,1
BRDA:93,13,1,0
BRF:27
BRH:25
end_of_record
