TN:
SF:src/index.ts
FN:1,add
FNF:1
FNH:1
FNDA:3,add
DA:1,1
DA:2,3
DA:5,1
LF:3
LH:3
BRF:0
BRH:0
end_of_record
TN:
SF:src/mod9/initTemplateMethod.ts
FN:3,(anonymous_0)
FN:12,(anonymous_1)
FNF:2
FNH:2
FNDA:2,(anonymous_0)
FNDA:7,(anonymous_1)
DA:1,1
DA:2,1
DA:3,2
DA:4,2
DA:10,1
DA:12,7
LF:6
LH:6
BRF:0
BRH:0
end_of_record
TN:
SF:src/mod9/templateMethod.ts
FN:9,(anonymous_0)
FN:16,(anonymous_1)
FN:18,(anonymous_2)
FNF:3
FNH:3
FNDA:2,(anonymous_0)
FNDA:2,(anonymous_1)
FNDA:12,(anonymous_2)
DA:4,1
DA:9,2
DA:17,2
DA:18,2
DA:19,12
DA:20,5
DA:23,2
LF:7
LH:7
BRDA:19,0,0,5
BRDA:19,0,1,7
BRF:2
BRH:2
end_of_record
